c:\users\panth\onedrive\documents\visual studio 2015\projects\waveedit\waveedit\debug\waveedit.pch
c:\users\panth\onedrive\documents\visual studio 2015\projects\waveedit\waveedit\debug\vc140.pdb
c:\users\panth\onedrive\documents\visual studio 2015\projects\waveedit\waveedit\debug\vc140.idb
c:\users\panth\onedrive\documents\visual studio 2015\projects\waveedit\waveedit\debug\stdafx.obj
c:\users\panth\onedrive\documents\visual studio 2015\projects\waveedit\waveedit\debug\childfrm.obj
c:\users\panth\onedrive\documents\visual studio 2015\projects\waveedit\waveedit\debug\mainfrm.obj
c:\users\panth\onedrive\documents\visual studio 2015\projects\waveedit\waveedit\debug\waveedit.obj
c:\users\panth\onedrive\documents\visual studio 2015\projects\waveedit\waveedit\debug\waveeditdoc.obj
c:\users\panth\onedrive\documents\visual studio 2015\projects\waveedit\waveedit\debug\waveeditview.obj
c:\users\panth\onedrive\documents\visual studio 2015\projects\waveedit\waveedit\debug\wavefile.obj
c:\users\panth\onedrive\documents\visual studio 2015\projects\waveedit\waveedit\debug\waveedit.res
c:\users\panth\onedrive\documents\visual studio 2015\projects\waveedit\waveedit\debug\wavefile.obj.enc
c:\users\panth\onedrive\documents\visual studio 2015\projects\waveedit\debug\waveedit.pdb
c:\users\panth\onedrive\documents\visual studio 2015\projects\waveedit\waveedit\debug\waveedit.tlog\cl.command.1.tlog
c:\users\panth\onedrive\documents\visual studio 2015\projects\waveedit\waveedit\debug\waveedit.tlog\cl.read.1.tlog
c:\users\panth\onedrive\documents\visual studio 2015\projects\waveedit\waveedit\debug\waveedit.tlog\cl.write.1.tlog
c:\users\panth\onedrive\documents\visual studio 2015\projects\waveedit\waveedit\debug\waveedit.tlog\link-cvtres.read.1.tlog
c:\users\panth\onedrive\documents\visual studio 2015\projects\waveedit\waveedit\debug\waveedit.tlog\link-cvtres.write.1.tlog
c:\users\panth\onedrive\documents\visual studio 2015\projects\waveedit\waveedit\debug\waveedit.tlog\link-mt.read.1.tlog
c:\users\panth\onedrive\documents\visual studio 2015\projects\waveedit\waveedit\debug\waveedit.tlog\link-mt.write.1.tlog
c:\users\panth\onedrive\documents\visual studio 2015\projects\waveedit\waveedit\debug\waveedit.tlog\link-rc.read.1.tlog
c:\users\panth\onedrive\documents\visual studio 2015\projects\waveedit\waveedit\debug\waveedit.tlog\link-rc.write.1.tlog
c:\users\panth\onedrive\documents\visual studio 2015\projects\waveedit\waveedit\debug\waveedit.tlog\link.command.1.tlog
c:\users\panth\onedrive\documents\visual studio 2015\projects\waveedit\waveedit\debug\waveedit.tlog\link.read.1.tlog
c:\users\panth\onedrive\documents\visual studio 2015\projects\waveedit\waveedit\debug\waveedit.tlog\link.write.1.tlog
c:\users\panth\onedrive\documents\visual studio 2015\projects\waveedit\waveedit\debug\waveedit.tlog\rc.command.1.tlog
c:\users\panth\onedrive\documents\visual studio 2015\projects\waveedit\waveedit\debug\waveedit.tlog\rc.read.1.tlog
c:\users\panth\onedrive\documents\visual studio 2015\projects\waveedit\waveedit\debug\waveedit.tlog\rc.write.1.tlog
